<?xml version="1.0" encoding="UTF-8"?>
<testng-results ignored="0" total="5" passed="5" failed="0" skipped="0">
  <reporter-output>
  </reporter-output>
  <suite started-at="2021-08-15T23:03:51 IST" name="Default suite" finished-at="2021-08-15T23:03:51 IST" duration-ms="54">
    <groups>
    </groups>
    <test started-at="2021-08-15T23:03:51 IST" name="Default test" finished-at="2021-08-15T23:03:51 IST" duration-ms="54">
      <class name="TestCalc">
        <test-method signature="init()[pri:0, instance:TestCalc@63a65a25]" started-at="2021-08-15T23:03:51 IST" name="init" finished-at="2021-08-15T23:03:51 IST" duration-ms="9" status="PASS">
          <reporter-output>
          </reporter-output>
        </test-method> <!-- init -->
        <test-method signature="test1emptystring()[pri:0, instance:TestCalc@63a65a25]" started-at="2021-08-15T23:03:51 IST" name="test1emptystring" finished-at="2021-08-15T23:03:51 IST" duration-ms="3" status="PASS">
          <reporter-output>
          </reporter-output>
        </test-method> <!-- test1emptystring -->
        <test-method signature="test2returnsinglevalue()[pri:0, instance:TestCalc@63a65a25]" started-at="2021-08-15T23:03:51 IST" name="test2returnsinglevalue" finished-at="2021-08-15T23:03:51 IST" duration-ms="1" status="PASS">
          <reporter-output>
          </reporter-output>
        </test-method> <!-- test2returnsinglevalue -->
        <test-method signature="test3returnsumoftwoinput()[pri:0, instance:TestCalc@63a65a25]" started-at="2021-08-15T23:03:51 IST" name="test3returnsumoftwoinput" finished-at="2021-08-15T23:03:51 IST" duration-ms="1" status="PASS">
          <reporter-output>
          </reporter-output>
        </test-method> <!-- test3returnsumoftwoinput -->
        <test-method signature="test4returnssumwithnewlinedelimiter()[pri:0, instance:TestCalc@63a65a25]" started-at="2021-08-15T23:03:51 IST" name="test4returnssumwithnewlinedelimiter" finished-at="2021-08-15T23:03:51 IST" duration-ms="0" status="PASS">
          <reporter-output>
          </reporter-output>
        </test-method> <!-- test4returnssumwithnewlinedelimiter -->
      </class> <!-- TestCalc -->
    </test> <!-- Default test -->
  </suite> <!-- Default suite -->
</testng-results>
